<?xml version="1.0" encoding="UTF-8"?>
<testng-results ignored="0" total="1" passed="1" failed="0" skipped="0">
  <reporter-output>
  </reporter-output>
  <suite started-at="2022-08-09T10:08:00 CDT" name="selenium.SiteTest" finished-at="2022-08-09T10:08:00 CDT" duration-ms="471">
    <groups>
    </groups>
    <test started-at="2022-08-09T10:08:00 CDT" name="Command line test" finished-at="2022-08-09T10:08:00 CDT" duration-ms="471">
      <class name="selenium.SiteTest">
        <test-method is-config="true" signature="beforeTests()[pri:0, instance:selenium.SiteTest@23348b5d]" started-at="2022-08-09T10:07:56 CDT" name="beforeTests" finished-at="2022-08-09T10:08:00 CDT" duration-ms="3802" status="PASS">
          <reporter-output>
          </reporter-output>
        </test-method> <!-- beforeTests -->
        <test-method signature="test()[pri:0, instance:selenium.SiteTest@23348b5d]" started-at="2022-08-09T10:08:00 CDT" name="test" finished-at="2022-08-09T10:08:00 CDT" duration-ms="403" status="PASS">
          <reporter-output>
          </reporter-output>
        </test-method> <!-- test -->
        <test-method is-config="true" signature="closeAll()[pri:0, instance:selenium.SiteTest@23348b5d]" started-at="2022-08-09T10:08:01 CDT" name="closeAll" finished-at="2022-08-09T10:08:01 CDT" duration-ms="312" status="PASS">
          <reporter-output>
          </reporter-output>
        </test-method> <!-- closeAll -->
      </class> <!-- selenium.SiteTest -->
    </test> <!-- Command line test -->
  </suite> <!-- selenium.SiteTest -->
</testng-results>
